<?xml version="1.0" encoding="UTF-8"?>
<!-- Generated by org.testng.reporters.JUnitXMLReporter -->
<testsuite hostname="markjop-VAIO" name="Default test(failed)" tests="1" failures="1" timestamp="1 Aug 2015 23:18:23 GMT" time="29.115" errors="0">
  <testcase name="testCaseSP006" time="23.513" classname="com.test.Automation_247.testSuite">
    <failure type="java.lang.AssertionError" message="expected [The email and password you entered don&amp;apos;t match.] but found []">
      <![CDATA[java.lang.AssertionError: expected [The email and password you entered don't match.] but found []
	at com.test.Automation_247.testSuite.testCaseSP006(testSuite.java:151)
... Removed 29 stack frames]]>
    </failure>
  </testcase> <!-- testCaseSP006 -->
</testsuite> <!-- Default test(failed) -->
